scripts/kconfig/conf --silentoldconfig Kconfig
warning: (ARCH_MSM_KRAITMP && ARCH_MSM_CORTEX_A5) selects HAVE_HW_BRKPT_RESERVED_RW_ACCESS which has unmet direct dependencies (HAVE_HW_BREAKPOINT)
warning: (ARCH_MSM_KRAITMP && ARCH_MSM_CORTEX_A5) selects HAVE_HW_BRKPT_RESERVED_RW_ACCESS which has unmet direct dependencies (HAVE_HW_BREAKPOINT)
  CHK     include/linux/version.h
  UPD     include/linux/version.h
  WRAP    arch/arm/include/generated/asm/auxvec.h
  WRAP    arch/arm/include/generated/asm/bitsperlong.h
  WRAP    arch/arm/include/generated/asm/cputime.h
  WRAP    arch/arm/include/generated/asm/emergency-restart.h
  WRAP    arch/arm/include/generated/asm/errno.h
  WRAP    arch/arm/include/generated/asm/ioctl.h
  WRAP    arch/arm/include/generated/asm/irq_regs.h
  WRAP    arch/arm/include/generated/asm/kdebug.h
  WRAP    arch/arm/include/generated/asm/local.h
  WRAP    arch/arm/include/generated/asm/percpu.h
  WRAP    arch/arm/include/generated/asm/local64.h
  WRAP    arch/arm/include/generated/asm/poll.h
  WRAP    arch/arm/include/generated/asm/resource.h
  WRAP    arch/arm/include/generated/asm/sections.h
  WRAP    arch/arm/include/generated/asm/siginfo.h
  WRAP    arch/arm/include/generated/asm/sizes.h
  CC      scripts/mod/empty.o
  HOSTCC  scripts/mod/mk_elfconfig
  HOSTCC  scripts/selinux/genheaders/genheaders
  HOSTCC  scripts/kallsyms
  HOSTCC  scripts/selinux/mdp/mdp
  HOSTCC  scripts/bin2c
  MKELF   scripts/mod/elfconfig.h
  HOSTCC  scripts/mod/file2alias.o
  HOSTCC  scripts/mod/modpost.o
  HOSTCC  scripts/recordmcount
  HOSTCC  scripts/mod/sumversion.o
  CHK     include/generated/utsrelease.h
  UPD     include/generated/utsrelease.h
  Generating include/generated/mach-types.h
  CC      kernel/bounds.s
  HOSTLD  scripts/mod/modpost
  GEN     include/generated/bounds.h
  CC      arch/arm/kernel/asm-offsets.s
  GEN     include/generated/asm-offsets.h
  CALL    scripts/checksyscalls.sh
  CC      init/main.o
  CHK     include/generated/compile.h
  HOSTCC  usr/gen_init_cpio
  CC      init/do_mounts_rd.o
  CC      init/do_mounts.o
  CC      init/do_mounts_initrd.o
  CC      arch/arm/vfp/vfpmodule.o
  CC      arch/arm/kernel/elf.o
  UPD     include/generated/compile.h
  CC      arch/arm/mm/dma-mapping.o
  GEN     usr/initramfs_data.cpio
  AS      usr/initramfs_data.o
  LD      usr/built-in.o
  AS      arch/arm/kernel/entry-armv.o
  AS      arch/arm/kernel/entry-common.o
  CC      arch/arm/mm/extable.o
  CC      arch/arm/kernel/irq.o
  AS      arch/arm/vfp/entry.o
  CC      arch/arm/kernel/opcodes.o
  AS      arch/arm/vfp/vfphw.o
  CC      arch/arm/vfp/vfpsingle.o
  CC      arch/arm/mm/fault.o
  CC      arch/arm/kernel/process.o
  CC      arch/arm/kernel/ptrace.o
  CC      init/initramfs.o
  CC      arch/arm/kernel/return_address.o
arch/arm/kernel/return_address.c:62:2: warning: #warning "TODO: return_address should use unwind tables" [-Wcpp]
  CC      arch/arm/mm/init.o
  CC      arch/arm/mm/iomap.o
  CC      arch/arm/mm/fault-armv.o
  CC      arch/arm/vfp/vfpdouble.o
  CC      init/calibrate.o
  CC      arch/arm/kernel/sched_clock.o
  CC      arch/arm/kernel/setup.o
  CC      arch/arm/common/gic.o
  CC      arch/arm/kernel/signal.o
  CC      arch/arm/kernel/stacktrace.o
  CC      init/version.o
  LD      init/mounts.o
  CC      arch/arm/mm/flush.o
  CC      arch/arm/mm/idmap.o
  LD      init/built-in.o
  CC      arch/arm/kernel/sys_arm.o
  CC      arch/arm/kernel/time.o
  CC      arch/arm/mm/ioremap.o
  CC      arch/arm/mm/mmap.o
  CC      arch/arm/net/bpf_jit_32.o
  CC      arch/arm/mm/pgd.o
  LD      arch/arm/vfp/vfp.o
  LD      arch/arm/vfp/built-in.o
  CC      arch/arm/kernel/traps.o
  CC      arch/arm/perfmon/perf-function-hooks.o
  CC      arch/arm/mach-msm/io.o
  CC      arch/arm/kernel/cpuidle.o
  CC      arch/arm/kernel/armksyms.o
  CC      arch/arm/mm/mmu.o
  LD      arch/arm/perfmon/built-in.o
  CC      arch/arm/mach-msm/dma.o
  CC      arch/arm/mach-msm/memory.o
  LD      arch/arm/common/built-in.o
  CC      arch/arm/mach-msm/emmc_partitions.o
  CC      arch/arm/kernel/module.o
  CC      arch/arm/mach-msm/timer.o
  CC      arch/arm/mach-msm/clock.o
  CC      arch/arm/mm/vmregion.o
  AS      arch/arm/kernel/sleep.o
  CC      arch/arm/kernel/suspend.o
  CC      arch/arm/mm/proc-syms.o
  CC      arch/arm/mm/alignment.o
  CC      kernel/fork.o
  CC      kernel/exec_domain.o
  CC      arch/arm/kernel/smp.o
  CC      kernel/panic.o
  CC      arch/arm/kernel/smp_tlb.o
  LD      arch/arm/net/built-in.o
  CC      arch/arm/kernel/smp_scu.o
  CC      arch/arm/mach-msm/clock-voter.o
  CC      kernel/printk.o
  CC      arch/arm/mach-msm/clock-dummy.o
  CC      arch/arm/mach-msm/modem_notifier.o
  CC      arch/arm/mm/highmem.o
  CC      arch/arm/mach-msm/subsystem_map.o
  AS      arch/arm/mm/abort-ev7.o
  AS      arch/arm/mm/pabort-v7.o
  CC      arch/arm/mach-msm/nohlt.o
  CC      arch/arm/mach-msm/clock-debug.o
  CC      arch/arm/kernel/ftrace.o
  CC      arch/arm/kernel/insn.o
  CC      arch/arm/kernel/thumbee.o
  CC      arch/arm/mach-msm/acpuclock.o
  AS      arch/arm/mm/cache-v7.o
  CC      arch/arm/mm/copypage-v6.o
  CC      mm/filemap.o
  CC      arch/arm/kernel/unwind.o
  CC      arch/arm/kernel/swp_emulate.o
  CC      arch/arm/kernel/pmu.o
  CC      arch/arm/mach-msm/radio_feedback.o
  CC      arch/arm/mm/context.o
  CC      arch/arm/mach-msm/msm-krait-l2-accessors.o
  CC      arch/arm/mach-msm/pmu.o
  CC      arch/arm/kernel/perf_event.o
  CC      arch/arm/kernel/topology.o
  AS      arch/arm/mm/tlb-v7.o
  AS      arch/arm/mm/proc-v7.o
  CC      mm/mempool.o
  LD      arch/arm/mm/built-in.o
  CC      mm/oom_kill.o
  CC      mm/fadvise.o
  CC      fs/open.o
  CC      arch/arm/mach-msm/perf_event_msm_krait_l2.o
  CC      kernel/cpu.o
  CC      kernel/exit.o
  CC      kernel/itimer.o
  CC      arch/arm/mach-msm/krait-scm.o
  AS      arch/arm/mach-msm/headsmp.o
  CC      arch/arm/kernel/io.o
  CC      arch/arm/mach-msm/platsmp.o
  AS      arch/arm/kernel/head.o
  TIMEC   kernel/timeconst.h
  CC      fs/read_write.o
  LD      ipc/built-in.o
  CC      arch/arm/kernel/init_task.o
  CC      mm/maccess.o
  CC      arch/arm/mach-msm/hotplug.o
  CC      mm/page_alloc.o
  CC      security/keys/gc.o
  CC      security/keys/key.o
  GEN     security/selinux/flask.h security/selinux/av_permissions.h
  CC      security/selinux/avc.o
  AS      arch/arm/mach-msm/idle-v7.o
  CC      arch/arm/mach-msm/htc_port_list_lte.o
  LDS     arch/arm/kernel/vmlinux.lds
  LD      arch/arm/kernel/built-in.o
  CC      arch/arm/mach-msm/scm.o
  CC      arch/arm/mach-msm/scm-boot.o
  CC      security/selinux/hooks.o
  CC      security/keys/keyring.o
  CC      kernel/softirq.o
  CC      fs/file_table.o
  CC      kernel/resource.o
  CC      arch/arm/mach-msm/htc_simlock.o
  CC      kernel/sysctl.o
  CC      arch/arm/mach-msm/htc_sdservice.o
  CC      fs/super.o
  CC      security/keys/keyctl.o
  CC      security/keys/permission.o
  CC      arch/arm/mach-msm/htc_drm.o
  CC      security/keys/process_keys.o
  CC      fs/char_dev.o
  CC      kernel/sysctl_binary.o
  CC      fs/stat.o
  CC      security/keys/request_key.o
  CC      security/keys/request_key_auth.o
  CC      kernel/capability.o
  CC      arch/arm/mach-msm/htc_debug.o
  CC      mm/page-writeback.o
  CC      mm/readahead.o
  CC      mm/swap.o
  CC      security/keys/user_defined.o
  CC      fs/exec.o
  CC      kernel/ptrace.o
  CC      arch/arm/mach-msm/htc_rmtmsg.o
  CC      security/keys/proc.o
  CC      security/keys/sysctl.o
  CC      arch/arm/mach-msm/peripheral-loader.o
  CC      arch/arm/mach-msm/scm-pas.o
  LD      security/keys/built-in.o
  CC      arch/arm/mach-msm/pil-q6v4.o
  CC      kernel/timer.o
  CC      arch/arm/mach-msm/pil-riva.o
  CC      fs/pipe.o
  CC      security/selinux/selinuxfs.o
  CC      fs/namei.o
  CC      fs/fcntl.o
  CC      arch/arm/mach-msm/pil-tzapps.o
  CC      arch/arm/mach-msm/pil-vidc.o
  CC      mm/truncate.o
  CC      mm/vmscan.o
  CC      arch/arm/mach-msm/pil-gss.o
  CC      mm/shmem.o
  CC      mm/prio_tree.o
  CC      arch/arm/mach-msm/bam_dmux.o
  CC      arch/arm/mach-msm/smd.o
  CC      arch/arm/mach-msm/smd_debug.o
  CC      security/selinux/netlink.o
  CC      kernel/user.o
  CC      kernel/signal.o
  CC      security/selinux/nlmsgtab.o
  CC      kernel/sys.o
  CC      security/selinux/netif.o
  CC      kernel/kmod.o
  CC      fs/ioctl.o
  CC      security/selinux/netnode.o
  CC      fs/readdir.o
  CC      fs/select.o
  CC      mm/util.o
  CC      mm/mmzone.o
  CC      mm/vmstat.o
  CC      arch/arm/mach-msm/remote_spinlock.o
  CC      security/selinux/netport.o
  CC      security/selinux/exports.o
  CC      security/selinux/ss/ebitmap.o
  CC      arch/arm/mach-msm/smd_private.o
  CC      mm/backing-dev.o
  CC      arch/arm/mach-msm/socinfo.o
  CC      fs/fifo.o
  CC      fs/dcache.o
  CC      kernel/workqueue.o
  CC      fs/inode.o
  CC      fs/attr.o
  CC      security/selinux/ss/hashtab.o
  CC      security/selinux/ss/symtab.o
  CC      arch/arm/mach-msm/htc_sysinfo.o
  CC      arch/arm/mach-msm/smd_tty.o
  CC      mm/page_isolation.o
  CC      security/selinux/ss/sidtab.o
  CC      security/selinux/ss/avtab.o
  CC      mm/mm_init.o
  CC      security/selinux/ss/policydb.o
  CC      mm/mmu_context.o
  CC      arch/arm/mach-msm/smd_qmi.o
  CC      mm/percpu.o
  CC      mm/compaction.o
  CC      mm/fremap.o
  CC      mm/highmem.o
  CC      security/commoncap.o
  CC      arch/arm/mach-msm/smd_pkt.o
  CC      fs/bad_inode.o
  CC      security/min_addr.o
  CC      kernel/pid.o
  CC      fs/file.o
  CC      crypto/api.o
  CC      crypto/cipher.o
  CC      crypto/compress.o
  CC      mm/madvise.o
  CC      arch/arm/mach-msm/msm_dsps.o
  CC      fs/filesystems.o
  CC      arch/arm/mach-msm/smd_nmea.o
  CC      arch/arm/mach-msm/reset_modem.o
  CC      kernel/rcupdate.o
  CC      crypto/algapi.o
  CC      mm/memory.o
  CC      mm/mincore.o
  CC      mm/mlock.o
  CC      fs/namespace.o
  CC      security/selinux/ss/services.o
  CC      kernel/extable.o
  CC      arch/arm/mach-msm/ipc_router_smd_xprt.o
  CC      security/selinux/ss/conditional.o
  CC      kernel/params.o
  CC      kernel/posix-timers.o
  CC      crypto/scatterwalk.o
  CC      arch/arm/mach-msm/ipc_router.o
  CC      arch/arm/mach-msm/ipc_socket.o
  CC      arch/arm/mach-msm/smd_rpc_sym.o
  CC      crypto/proc.o
  CC      kernel/kthread.o
  CC      kernel/wait.o
  CC      crypto/ablkcipher.o
  CC      kernel/kfifo.o
  CC      security/selinux/ss/mls.o
  CC      fs/seq_file.o
  CC      mm/mmap.o
  CC      fs/xattr.o
  CC      fs/libfs.o
  CC      kernel/sys_ni.o
  CC      crypto/blkcipher.o
  CC      kernel/posix-cpu-timers.o
  CC      crypto/ahash.o
  CC      security/selinux/ss/status.o
  CC      crypto/shash.o
  LD      arch/arm/mach-msm/display/built-in.o
  CC      arch/arm/mach-msm/msm_bus/msm_bus_core.o
  CC      fs/fs-writeback.o
  LD      security/selinux/selinux.o
  LD      security/selinux/built-in.o
  CC      security/security.o
  CC      arch/arm/mach-msm/msm_bus/msm_bus_fabric.o
  CC      arch/arm/mach-msm/msm_bus/msm_bus_config.o
  CC      mm/mprotect.o
  CC      mm/mremap.o
  CC      crypto/algboss.o
  CC      kernel/mutex.o
  CC      crypto/testmgr.o
  CC      crypto/crypto_wq.o
  CC      mm/msync.o
  CC      kernel/hrtimer.o
  CC      arch/arm/mach-msm/msm_bus/msm_bus_arb.o
  CC      security/capability.o
  CC      security/lsm_audit.o
  CC      crypto/aead.o
  CC      mm/rmap.o
  CC      mm/vmalloc.o
  CC      arch/arm/mach-msm/msm_bus/msm_bus_bimc.o
  CC      mm/pagewalk.o
  LD      crypto/crypto_blkcipher.o
  CC      crypto/chainiv.o
  LD      security/built-in.o
  CC      block/elevator.o
  CC      kernel/rwsem.o
  CC      fs/pnode.o
  CC      fs/drop_caches.o
  CC      kernel/nsproxy.o
  CC      crypto/eseqiv.o
  LD      crypto/crypto_hash.o
  LD      drivers/auxdisplay/built-in.o
  CC      drivers/base/core.o
  CC      drivers/base/bus.o
  CC      fs/splice.o
  CC      arch/arm/mach-msm/msm_bus/msm_bus_noc.o
  CC      kernel/srcu.o
  CC      crypto/pcompress.o
  CC      block/blk-core.o
  CC      kernel/semaphore.o
  CC      mm/pgtable-generic.o
  CC      arch/arm/mach-msm/msm_bus/msm_bus_of.o
  LD      crypto/cryptomgr.o
  CC      crypto/hmac.o
  CC      arch/arm/mach-msm/qdsp6v2/apr.o
  CC      kernel/notifier.o
make[1]: *** [fs/splice.o] Hangup
make[1]: *** [kernel/notifier.o] Hangup
make[2]: *** [arch/arm/mach-msm/qdsp6v2/apr.o] Hangup
make[1]: *** [crypto/hmac.o] Hangup
make[1]: *** [block/blk-core.o] Hangup
make: *** [kernel] Hangup
make: *** [fs] Hangup
make: *** [crypto] Hangup
make: *** [block] Hangup
make[1]: *** [arch/arm/mach-msm/qdsp6v2] Hangup
make[1]: *** [mm/pgtable-generic.o] Hangup
make[2]: *** [drivers/base/core.o] Hangup
make[2]: *** [arch/arm/mach-msm/msm_bus/msm_bus_of.o] Hangup
make: *** [mm] Hangup
make[1]: *** [arch/arm/mach-msm/msm_bus] Hangup
make[1]: *** [drivers/base] Hangup
make: *** [drivers] Hangup
make: *** [arch/arm/mach-msm] Hangup
